<?xml version="1.0" encoding="UTF-8"?>
<testng-results ignored="0" total="1" passed="1" failed="0" skipped="0">
  <reporter-output>
    <line>
      <![CDATA[openapplication]]>
    </line>
    <line>
      <![CDATA[title not matched]]>
    </line>
    <line>
      <![CDATA[OrangeHRM - New Level of HR Management]]>
    </line>
    <line>
      <![CDATA[login page complted]]>
    </line>
    <line>
      <![CDATA[title matched]]>
    </line>
    <line>
      <![CDATA[logout page complted]]>
    </line>
    <line>
      <![CDATA[close aplication]]>
    </line>
  </reporter-output>
  <suite started-at="2023-07-15T12:00:14 IST" name="Default suite" finished-at="2023-07-15T12:00:23 IST" duration-ms="8635">
    <groups>
    </groups>
    <test started-at="2023-07-15T12:00:14 IST" name="Default test" finished-at="2023-07-15T12:00:23 IST" duration-ms="8635">
      <class name="com.hrms.testsripts.TC001">
        <test-method signature="tc001()[pri:0, instance:com.hrms.testsripts.TC001@6973b51b]" started-at="2023-07-15T12:00:14 IST" name="tc001" finished-at="2023-07-15T12:00:23 IST" duration-ms="8552" status="PASS">
          <reporter-output>
            <line>
              <![CDATA[openapplication]]>
            </line>
            <line>
              <![CDATA[title not matched]]>
            </line>
            <line>
              <![CDATA[OrangeHRM - New Level of HR Management]]>
            </line>
            <line>
              <![CDATA[login page complted]]>
            </line>
            <line>
              <![CDATA[title matched]]>
            </line>
            <line>
              <![CDATA[logout page complted]]>
            </line>
            <line>
              <![CDATA[close aplication]]>
            </line>
          </reporter-output>
        </test-method> <!-- tc001 -->
      </class> <!-- com.hrms.testsripts.TC001 -->
    </test> <!-- Default test -->
  </suite> <!-- Default suite -->
</testng-results>
